2016-07-30 01:19:21,335 [INFO] from play.core.server.NettyServer in pool-4-thread-3 - Listening for HTTP on /0:0:0:0:0:0:0:0:9000
2016-07-30 01:19:44,064 [INFO] from play.api.Play in ForkJoinPool-1-worker-1 - Application started (Dev)
2016-07-30 01:23:34,024 [ERROR] from play.api.libs.crypto.CryptoConfigParser in main - The application secret has not been set, and we are in prod mode. Your application is not secure.
2016-07-30 01:23:34,025 [ERROR] from play.api.libs.crypto.CryptoConfigParser in main - To set the application secret, please read http://playframework.com/documentation/latest/ApplicationSecret
2016-07-30 01:23:34,031 [ERROR] from play.api.libs.crypto.CryptoConfigParser in main - The application secret has not been set, and we are in prod mode. Your application is not secure.
2016-07-30 01:23:34,031 [ERROR] from play.api.libs.crypto.CryptoConfigParser in main - To set the application secret, please read http://playframework.com/documentation/latest/ApplicationSecret
2016-07-30 01:23:34,032 [ERROR] from play.api.libs.crypto.CryptoConfigParser in main - The application secret has not been set, and we are in prod mode. Your application is not secure.
2016-07-30 01:23:34,032 [ERROR] from play.api.libs.crypto.CryptoConfigParser in main - To set the application secret, please read http://playframework.com/documentation/latest/ApplicationSecret
2016-07-30 01:23:34,032 [ERROR] from play.api.libs.crypto.CryptoConfigParser in main - The application secret has not been set, and we are in prod mode. Your application is not secure.
2016-07-30 01:23:34,032 [ERROR] from play.api.libs.crypto.CryptoConfigParser in main - To set the application secret, please read http://playframework.com/documentation/latest/ApplicationSecret
2016-07-30 01:23:34,033 [ERROR] from play.api.libs.crypto.CryptoConfigParser in main - The application secret has not been set, and we are in prod mode. Your application is not secure.
2016-07-30 01:23:34,033 [ERROR] from play.api.libs.crypto.CryptoConfigParser in main - To set the application secret, please read http://playframework.com/documentation/latest/ApplicationSecret
2016-07-30 01:23:34,033 [ERROR] from play.api.libs.crypto.CryptoConfigParser in main - The application secret has not been set, and we are in prod mode. Your application is not secure.
2016-07-30 01:23:34,033 [ERROR] from play.api.libs.crypto.CryptoConfigParser in main - To set the application secret, please read http://playframework.com/documentation/latest/ApplicationSecret
2016-07-30 01:26:53,932 [INFO] from play.api.Play in main - Application started (Prod)
2016-07-30 01:26:54,108 [INFO] from play.core.server.NettyServer in main - Listening for HTTP on /0:0:0:0:0:0:0:0:9000
2016-07-30 01:27:36,785 [INFO] from play.api.Play in main - Application started (Prod)
2016-07-30 01:27:36,943 [INFO] from play.core.server.NettyServer in main - Listening for HTTP on /0:0:0:0:0:0:0:0:9000
2016-07-31 23:01:14,360 [INFO] from play.api.Play in main - Application started (Prod)
2016-07-31 23:01:14,618 [INFO] from play.core.server.NettyServer in main - Listening for HTTP on /0:0:0:0:0:0:0:0:9000
